01:05:06.456 [DEBUG] [org.gradle.launcher.daemon.bootstrap.DaemonMain] Assuming the daemon was started with following jvm opts: [-XX:MaxMetaspaceSize=256m, -XX:+HeapDumpOnOutOfMemoryError, -agentlib:jdwp=transport=dt_socket,server=n,suspend=y,address=127.0.0.1:64744, --add-opens, java.base/java.util=ALL-UNNAMED, --add-opens, java.base/java.lang=ALL-UNNAMED, --add-opens, java.base/java.lang.invoke=ALL-UNNAMED, --add-opens, java.prefs/java.util.prefs=ALL-UNNAMED, -Xmx512m, -Dfile.encoding=windows-1252, -Duser.country=PT, -Duser.language=pt, -Duser.variant]
01:05:06.724 [DEBUG] [org.gradle.internal.nativeintegration.services.NativeServices] Native-platform posix files integration is not available. Continuing with fallback.
01:05:06.879 [INFO] [org.gradle.launcher.daemon.server.Daemon] start() called on daemon - DefaultDaemonContext[uid=13034aef-0bff-4e58-bf8a-4f0ca3aaa610,javaHome=C:\Program Files\Java\jdk-11.0.6,daemonRegistryDir=D:\Isel\19-20\Verao\MPD\Rep Aulas\TPCs\gradle\daemon,pid=15804,idleTimeout=10800000,priority=NORMAL,daemonOpts=-XX:MaxMetaspaceSize=256m,-XX:+HeapDumpOnOutOfMemoryError,-agentlib:jdwp=transport=dt_socket,server=n,suspend=y,address=127.0.0.1:64744,--add-opens,java.base/java.util=ALL-UNNAMED,--add-opens,java.base/java.lang=ALL-UNNAMED,--add-opens,java.base/java.lang.invoke=ALL-UNNAMED,--add-opens,java.prefs/java.util.prefs=ALL-UNNAMED,-Xmx512m,-Dfile.encoding=windows-1252,-Duser.country=PT,-Duser.language=pt,-Duser.variant]
01:05:07.514 [DEBUG] [org.gradle.internal.remote.internal.inet.InetAddresses] Adding IP addresses for network interface Software Loopback Interface 1
01:05:07.517 [DEBUG] [org.gradle.internal.remote.internal.inet.InetAddresses] Is this a loopback interface? true
01:05:07.518 [DEBUG] [org.gradle.internal.remote.internal.inet.InetAddresses] Adding loopback address /127.0.0.1
01:05:07.518 [DEBUG] [org.gradle.internal.remote.internal.inet.InetAddresses] Adding loopback address /0:0:0:0:0:0:0:1
01:05:07.522 [DEBUG] [org.gradle.internal.remote.internal.inet.InetAddresses] Adding IP addresses for network interface Microsoft 6to4 Adapter
01:05:07.525 [DEBUG] [org.gradle.internal.remote.internal.inet.InetAddresses] Is this a loopback interface? false
01:05:07.525 [DEBUG] [org.gradle.internal.remote.internal.inet.InetAddresses] Adding IP addresses for network interface Microsoft Kernel Debug Network Adapter
01:05:07.529 [DEBUG] [org.gradle.internal.remote.internal.inet.InetAddresses] Is this a loopback interface? false
01:05:07.529 [DEBUG] [org.gradle.internal.remote.internal.inet.InetAddresses] Adding IP addresses for network interface Microsoft IP-HTTPS Platform Adapter
01:05:07.533 [DEBUG] [org.gradle.internal.remote.internal.inet.InetAddresses] Is this a loopback interface? false
01:05:07.533 [DEBUG] [org.gradle.internal.remote.internal.inet.InetAddresses] Adding IP addresses for network interface WAN Miniport (IKEv2)
01:05:07.537 [DEBUG] [org.gradle.internal.remote.internal.inet.InetAddresses] Is this a loopback interface? false
01:05:07.537 [DEBUG] [org.gradle.internal.remote.internal.inet.InetAddresses] Adding IP addresses for network interface RAS Async Adapter
01:05:07.540 [DEBUG] [org.gradle.internal.remote.internal.inet.InetAddresses] Is this a loopback interface? false
01:05:07.541 [DEBUG] [org.gradle.internal.remote.internal.inet.InetAddresses] Adding IP addresses for network interface Bluetooth Device (Personal Area Network) #2
01:05:07.544 [DEBUG] [org.gradle.internal.remote.internal.inet.InetAddresses] Is this a loopback interface? false
01:05:07.544 [DEBUG] [org.gradle.internal.remote.internal.inet.InetAddresses] Adding IP addresses for network interface Qualcomm Atheros AR956x Wireless Network Adapter
01:05:07.548 [DEBUG] [org.gradle.internal.remote.internal.inet.InetAddresses] Is this a loopback interface? false
01:05:07.548 [DEBUG] [org.gradle.internal.remote.internal.inet.InetAddresses] Adding remote address /192.168.1.82
01:05:07.548 [DEBUG] [org.gradle.internal.remote.internal.inet.InetAddresses] Adding remote address /2001:8a0:7033:8001:b8c9:42e8:8770:c4d6
01:05:07.549 [DEBUG] [org.gradle.internal.remote.internal.inet.InetAddresses] Adding remote address /2001:8a0:7033:8001:4944:dd3f:1a20:30ee
01:05:07.549 [DEBUG] [org.gradle.internal.remote.internal.inet.InetAddresses] Adding remote address /fe80:0:0:0:b8c9:42e8:8770:c4d6%wlan0
01:05:07.549 [DEBUG] [org.gradle.internal.remote.internal.inet.InetAddresses] Adding IP addresses for network interface Microsoft Wi-Fi Direct Virtual Adapter
01:05:07.553 [DEBUG] [org.gradle.internal.remote.internal.inet.InetAddresses] Is this a loopback interface? false
01:05:07.553 [DEBUG] [org.gradle.internal.remote.internal.inet.InetAddresses] Adding remote address /fe80:0:0:0:8068:cbf4:e99a:5c0e%wlan1
01:05:07.553 [DEBUG] [org.gradle.internal.remote.internal.inet.InetAddresses] Adding IP addresses for network interface WAN Miniport (L2TP)
01:05:07.556 [DEBUG] [org.gradle.internal.remote.internal.inet.InetAddresses] Is this a loopback interface? false
01:05:07.557 [DEBUG] [org.gradle.internal.remote.internal.inet.InetAddresses] Adding IP addresses for network interface WAN Miniport (PPTP)
01:05:07.560 [DEBUG] [org.gradle.internal.remote.internal.inet.InetAddresses] Is this a loopback interface? false
01:05:07.560 [DEBUG] [org.gradle.internal.remote.internal.inet.InetAddresses] Adding IP addresses for network interface WAN Miniport (IP)
01:05:07.564 [DEBUG] [org.gradle.internal.remote.internal.inet.InetAddresses] Is this a loopback interface? false
01:05:07.564 [DEBUG] [org.gradle.internal.remote.internal.inet.InetAddresses] Adding IP addresses for network interface Remote NDIS based Internet Sharing Device
01:05:07.569 [DEBUG] [org.gradle.internal.remote.internal.inet.InetAddresses] Is this a loopback interface? false
01:05:07.570 [DEBUG] [org.gradle.internal.remote.internal.inet.InetAddresses] Adding IP addresses for network interface WAN Miniport (IPv6)
01:05:07.574 [DEBUG] [org.gradle.internal.remote.internal.inet.InetAddresses] Is this a loopback interface? false
01:05:07.574 [DEBUG] [org.gradle.internal.remote.internal.inet.InetAddresses] Adding IP addresses for network interface Microsoft Teredo Tunneling Adapter
01:05:07.578 [DEBUG] [org.gradle.internal.remote.internal.inet.InetAddresses] Is this a loopback interface? false
01:05:07.579 [DEBUG] [org.gradle.internal.remote.internal.inet.InetAddresses] Adding IP addresses for network interface WAN Miniport (PPPOE)
01:05:07.582 [DEBUG] [org.gradle.internal.remote.internal.inet.InetAddresses] Is this a loopback interface? false
01:05:07.583 [DEBUG] [org.gradle.internal.remote.internal.inet.InetAddresses] Adding IP addresses for network interface WAN Miniport (Network Monitor)
01:05:07.586 [DEBUG] [org.gradle.internal.remote.internal.inet.InetAddresses] Is this a loopback interface? false
01:05:07.586 [DEBUG] [org.gradle.internal.remote.internal.inet.InetAddresses] Adding IP addresses for network interface Bluetooth Device (RFCOMM Protocol TDI)
01:05:07.589 [DEBUG] [org.gradle.internal.remote.internal.inet.InetAddresses] Is this a loopback interface? false
01:05:07.590 [DEBUG] [org.gradle.internal.remote.internal.inet.InetAddresses] Adding IP addresses for network interface Qualcomm Atheros AR8171/8175 PCI-E Gigabit Ethernet Controller (NDIS 6.30)
01:05:07.593 [DEBUG] [org.gradle.internal.remote.internal.inet.InetAddresses] Is this a loopback interface? false
01:05:07.593 [DEBUG] [org.gradle.internal.remote.internal.inet.InetAddresses] Adding remote address /fe80:0:0:0:f554:2491:9e89:9c7c%eth6
01:05:07.594 [DEBUG] [org.gradle.internal.remote.internal.inet.InetAddresses] Adding IP addresses for network interface Microsoft Wi-Fi Direct Virtual Adapter #2
01:05:07.598 [DEBUG] [org.gradle.internal.remote.internal.inet.InetAddresses] Is this a loopback interface? false
01:05:07.599 [DEBUG] [org.gradle.internal.remote.internal.inet.InetAddresses] Adding remote address /fe80:0:0:0:c597:752d:752c:65cc%wlan2
01:05:07.600 [DEBUG] [org.gradle.internal.remote.internal.inet.InetAddresses] Adding IP addresses for network interface VirtualBox Host-Only Ethernet Adapter
01:05:07.603 [DEBUG] [org.gradle.internal.remote.internal.inet.InetAddresses] Is this a loopback interface? false
01:05:07.604 [DEBUG] [org.gradle.internal.remote.internal.inet.InetAddresses] Adding remote address /192.168.56.1
01:05:07.604 [DEBUG] [org.gradle.internal.remote.internal.inet.InetAddresses] Adding remote address /fe80:0:0:0:c8a3:a81c:a081:2a13%eth7
01:05:07.604 [DEBUG] [org.gradle.internal.remote.internal.inet.InetAddresses] Adding IP addresses for network interface Bluetooth Device (Personal Area Network)
01:05:07.609 [DEBUG] [org.gradle.internal.remote.internal.inet.InetAddresses] Is this a loopback interface? false
01:05:07.609 [DEBUG] [org.gradle.internal.remote.internal.inet.InetAddresses] Adding IP addresses for network interface WAN Miniport (SSTP)
01:05:07.614 [DEBUG] [org.gradle.internal.remote.internal.inet.InetAddresses] Is this a loopback interface? false
01:05:07.614 [DEBUG] [org.gradle.internal.remote.internal.inet.InetAddresses] Adding IP addresses for network interface VirtualBox Host-Only Ethernet Adapter-WFP Native MAC Layer LightWeight Filter-0000
01:05:07.618 [DEBUG] [org.gradle.internal.remote.internal.inet.InetAddresses] Is this a loopback interface? false
01:05:07.619 [DEBUG] [org.gradle.internal.remote.internal.inet.InetAddresses] Adding IP addresses for network interface VirtualBox Host-Only Ethernet Adapter-QoS Packet Scheduler-0000
01:05:07.622 [DEBUG] [org.gradle.internal.remote.internal.inet.InetAddresses] Is this a loopback interface? false
01:05:07.623 [DEBUG] [org.gradle.internal.remote.internal.inet.InetAddresses] Adding IP addresses for network interface VirtualBox Host-Only Ethernet Adapter-WFP 802.3 MAC Layer LightWeight Filter-0000
01:05:07.626 [DEBUG] [org.gradle.internal.remote.internal.inet.InetAddresses] Is this a loopback interface? false
01:05:07.627 [DEBUG] [org.gradle.internal.remote.internal.inet.InetAddresses] Adding IP addresses for network interface Qualcomm Atheros AR8171/8175 PCI-E Gigabit Ethernet Controller (NDIS 6.30)-WFP Native MAC Layer LightWeight Filter-0000
01:05:07.630 [DEBUG] [org.gradle.internal.remote.internal.inet.InetAddresses] Is this a loopback interface? false
01:05:07.631 [DEBUG] [org.gradle.internal.remote.internal.inet.InetAddresses] Adding IP addresses for network interface Qualcomm Atheros AR8171/8175 PCI-E Gigabit Ethernet Controller (NDIS 6.30)-VirtualBox NDIS Light-Weight Filter-0000
01:05:07.636 [DEBUG] [org.gradle.internal.remote.internal.inet.InetAddresses] Is this a loopback interface? false
01:05:07.637 [DEBUG] [org.gradle.internal.remote.internal.inet.InetAddresses] Adding IP addresses for network interface Qualcomm Atheros AR8171/8175 PCI-E Gigabit Ethernet Controller (NDIS 6.30)-QoS Packet Scheduler-0000
01:05:07.641 [DEBUG] [org.gradle.internal.remote.internal.inet.InetAddresses] Is this a loopback interface? false
01:05:07.641 [DEBUG] [org.gradle.internal.remote.internal.inet.InetAddresses] Adding IP addresses for network interface Qualcomm Atheros AR8171/8175 PCI-E Gigabit Ethernet Controller (NDIS 6.30)-WFP 802.3 MAC Layer LightWeight Filter-0000
01:05:07.648 [DEBUG] [org.gradle.internal.remote.internal.inet.InetAddresses] Is this a loopback interface? false
01:05:07.648 [DEBUG] [org.gradle.internal.remote.internal.inet.InetAddresses] Adding IP addresses for network interface Qualcomm Atheros AR956x Wireless Network Adapter-WFP Native MAC Layer LightWeight Filter-0000
01:05:07.656 [DEBUG] [org.gradle.internal.remote.internal.inet.InetAddresses] Is this a loopback interface? false
01:05:07.656 [DEBUG] [org.gradle.internal.remote.internal.inet.InetAddresses] Adding IP addresses for network interface Qualcomm Atheros AR956x Wireless Network Adapter-Virtual WiFi Filter Driver-0000
01:05:07.659 [DEBUG] [org.gradle.internal.remote.internal.inet.InetAddresses] Is this a loopback interface? false
01:05:07.660 [DEBUG] [org.gradle.internal.remote.internal.inet.InetAddresses] Adding IP addresses for network interface Qualcomm Atheros AR956x Wireless Network Adapter-Native WiFi Filter Driver-0000
01:05:07.663 [DEBUG] [org.gradle.internal.remote.internal.inet.InetAddresses] Is this a loopback interface? false
01:05:07.664 [DEBUG] [org.gradle.internal.remote.internal.inet.InetAddresses] Adding IP addresses for network interface Qualcomm Atheros AR956x Wireless Network Adapter-VirtualBox NDIS Light-Weight Filter-0000
01:05:07.670 [DEBUG] [org.gradle.internal.remote.internal.inet.InetAddresses] Is this a loopback interface? false
01:05:07.671 [DEBUG] [org.gradle.internal.remote.internal.inet.InetAddresses] Adding IP addresses for network interface Qualcomm Atheros AR956x Wireless Network Adapter-QoS Packet Scheduler-0000
01:05:07.675 [DEBUG] [org.gradle.internal.remote.internal.inet.InetAddresses] Is this a loopback interface? false
01:05:07.675 [DEBUG] [org.gradle.internal.remote.internal.inet.InetAddresses] Adding IP addresses for network interface Qualcomm Atheros AR956x Wireless Network Adapter-WFP 802.3 MAC Layer LightWeight Filter-0000
01:05:07.678 [DEBUG] [org.gradle.internal.remote.internal.inet.InetAddresses] Is this a loopback interface? false
01:05:07.679 [DEBUG] [org.gradle.internal.remote.internal.inet.InetAddresses] Adding IP addresses for network interface WAN Miniport (IP)-WFP Native MAC Layer LightWeight Filter-0000
01:05:07.682 [DEBUG] [org.gradle.internal.remote.internal.inet.InetAddresses] Is this a loopback interface? false
01:05:07.683 [DEBUG] [org.gradle.internal.remote.internal.inet.InetAddresses] Adding IP addresses for network interface WAN Miniport (IP)-QoS Packet Scheduler-0000
01:05:07.686 [DEBUG] [org.gradle.internal.remote.internal.inet.InetAddresses] Is this a loopback interface? false
01:05:07.686 [DEBUG] [org.gradle.internal.remote.internal.inet.InetAddresses] Adding IP addresses for network interface WAN Miniport (IPv6)-WFP Native MAC Layer LightWeight Filter-0000
01:05:07.689 [DEBUG] [org.gradle.internal.remote.internal.inet.InetAddresses] Is this a loopback interface? false
01:05:07.689 [DEBUG] [org.gradle.internal.remote.internal.inet.InetAddresses] Adding IP addresses for network interface WAN Miniport (IPv6)-QoS Packet Scheduler-0000
01:05:07.693 [DEBUG] [org.gradle.internal.remote.internal.inet.InetAddresses] Is this a loopback interface? false
01:05:07.693 [DEBUG] [org.gradle.internal.remote.internal.inet.InetAddresses] Adding IP addresses for network interface WAN Miniport (Network Monitor)-WFP Native MAC Layer LightWeight Filter-0000
01:05:07.696 [DEBUG] [org.gradle.internal.remote.internal.inet.InetAddresses] Is this a loopback interface? false
01:05:07.696 [DEBUG] [org.gradle.internal.remote.internal.inet.InetAddresses] Adding IP addresses for network interface WAN Miniport (Network Monitor)-QoS Packet Scheduler-0000
01:05:07.703 [DEBUG] [org.gradle.internal.remote.internal.inet.InetAddresses] Is this a loopback interface? false
01:05:07.704 [DEBUG] [org.gradle.internal.remote.internal.inet.InetAddresses] Adding IP addresses for network interface Microsoft Wi-Fi Direct Virtual Adapter-WFP Native MAC Layer LightWeight Filter-0000
01:05:07.709 [DEBUG] [org.gradle.internal.remote.internal.inet.InetAddresses] Is this a loopback interface? false
01:05:07.709 [DEBUG] [org.gradle.internal.remote.internal.inet.InetAddresses] Adding IP addresses for network interface Microsoft Wi-Fi Direct Virtual Adapter-Native WiFi Filter Driver-0000
01:05:07.713 [DEBUG] [org.gradle.internal.remote.internal.inet.InetAddresses] Is this a loopback interface? false
01:05:07.713 [DEBUG] [org.gradle.internal.remote.internal.inet.InetAddresses] Adding IP addresses for network interface Microsoft Wi-Fi Direct Virtual Adapter-VirtualBox NDIS Light-Weight Filter-0000
01:05:07.717 [DEBUG] [org.gradle.internal.remote.internal.inet.InetAddresses] Is this a loopback interface? false
01:05:07.717 [DEBUG] [org.gradle.internal.remote.internal.inet.InetAddresses] Adding IP addresses for network interface Microsoft Wi-Fi Direct Virtual Adapter-QoS Packet Scheduler-0000
01:05:07.720 [DEBUG] [org.gradle.internal.remote.internal.inet.InetAddresses] Is this a loopback interface? false
01:05:07.720 [DEBUG] [org.gradle.internal.remote.internal.inet.InetAddresses] Adding IP addresses for network interface Microsoft Wi-Fi Direct Virtual Adapter-WFP 802.3 MAC Layer LightWeight Filter-0000
01:05:07.724 [DEBUG] [org.gradle.internal.remote.internal.inet.InetAddresses] Is this a loopback interface? false
01:05:07.724 [DEBUG] [org.gradle.internal.remote.internal.inet.InetAddresses] Adding IP addresses for network interface Microsoft Wi-Fi Direct Virtual Adapter #2-WFP Native MAC Layer LightWeight Filter-0000
01:05:07.727 [DEBUG] [org.gradle.internal.remote.internal.inet.InetAddresses] Is this a loopback interface? false
01:05:07.728 [DEBUG] [org.gradle.internal.remote.internal.inet.InetAddresses] Adding IP addresses for network interface Microsoft Wi-Fi Direct Virtual Adapter #2-Native WiFi Filter Driver-0000
01:05:07.732 [DEBUG] [org.gradle.internal.remote.internal.inet.InetAddresses] Is this a loopback interface? false
01:05:07.733 [DEBUG] [org.gradle.internal.remote.internal.inet.InetAddresses] Adding IP addresses for network interface Microsoft Wi-Fi Direct Virtual Adapter #2-VirtualBox NDIS Light-Weight Filter-0000
01:05:07.737 [DEBUG] [org.gradle.internal.remote.internal.inet.InetAddresses] Is this a loopback interface? false
01:05:07.738 [DEBUG] [org.gradle.internal.remote.internal.inet.InetAddresses] Adding IP addresses for network interface Microsoft Wi-Fi Direct Virtual Adapter #2-QoS Packet Scheduler-0000
01:05:07.741 [DEBUG] [org.gradle.internal.remote.internal.inet.InetAddresses] Is this a loopback interface? false
01:05:07.741 [DEBUG] [org.gradle.internal.remote.internal.inet.InetAddresses] Adding IP addresses for network interface Microsoft Wi-Fi Direct Virtual Adapter #2-WFP 802.3 MAC Layer LightWeight Filter-0000
01:05:07.746 [DEBUG] [org.gradle.internal.remote.internal.inet.InetAddresses] Is this a loopback interface? false
01:05:07.754 [DEBUG] [org.gradle.internal.remote.internal.inet.TcpIncomingConnector] Listening on [21fce8b7-76c2-4d99-a58c-3e13ab7db056 port:64749, addresses:[/127.0.0.1, /0:0:0:0:0:0:0:1]].
01:05:07.781 [DEBUG] [org.gradle.launcher.daemon.server.Daemon] Daemon starting at: Sat Mar 21 01:05:07 GMT 2020, with address: [21fce8b7-76c2-4d99-a58c-3e13ab7db056 port:64749, addresses:[/127.0.0.1, /0:0:0:0:0:0:0:1]]
01:05:07.781 [INFO] [org.gradle.launcher.daemon.server.DaemonRegistryUpdater] Advertising the daemon address to the clients: [21fce8b7-76c2-4d99-a58c-3e13ab7db056 port:64749, addresses:[/127.0.0.1, /0:0:0:0:0:0:0:1]]
01:05:07.782 [DEBUG] [org.gradle.launcher.daemon.server.DaemonRegistryUpdater] Advertised daemon context: DefaultDaemonContext[uid=13034aef-0bff-4e58-bf8a-4f0ca3aaa610,javaHome=C:\Program Files\Java\jdk-11.0.6,daemonRegistryDir=D:\Isel\19-20\Verao\MPD\Rep Aulas\TPCs\gradle\daemon,pid=15804,idleTimeout=10800000,priority=NORMAL,daemonOpts=-XX:MaxMetaspaceSize=256m,-XX:+HeapDumpOnOutOfMemoryError,-agentlib:jdwp=transport=dt_socket,server=n,suspend=y,address=127.0.0.1:64744,--add-opens,java.base/java.util=ALL-UNNAMED,--add-opens,java.base/java.lang=ALL-UNNAMED,--add-opens,java.base/java.lang.invoke=ALL-UNNAMED,--add-opens,java.prefs/java.util.prefs=ALL-UNNAMED,-Xmx512m,-Dfile.encoding=windows-1252,-Duser.country=PT,-Duser.language=pt,-Duser.variant]
01:05:07.787 [DEBUG] [org.gradle.launcher.daemon.registry.PersistentDaemonRegistry] Storing daemon address: [21fce8b7-76c2-4d99-a58c-3e13ab7db056 port:64749, addresses:[/127.0.0.1, /0:0:0:0:0:0:0:1]], context: DefaultDaemonContext[uid=13034aef-0bff-4e58-bf8a-4f0ca3aaa610,javaHome=C:\Program Files\Java\jdk-11.0.6,daemonRegistryDir=D:\Isel\19-20\Verao\MPD\Rep Aulas\TPCs\gradle\daemon,pid=15804,idleTimeout=10800000,priority=NORMAL,daemonOpts=-XX:MaxMetaspaceSize=256m,-XX:+HeapDumpOnOutOfMemoryError,-agentlib:jdwp=transport=dt_socket,server=n,suspend=y,address=127.0.0.1:64744,--add-opens,java.base/java.util=ALL-UNNAMED,--add-opens,java.base/java.lang=ALL-UNNAMED,--add-opens,java.base/java.lang.invoke=ALL-UNNAMED,--add-opens,java.prefs/java.util.prefs=ALL-UNNAMED,-Xmx512m,-Dfile.encoding=windows-1252,-Duser.country=PT,-Duser.language=pt,-Duser.variant]
01:05:07.817 [DEBUG] [org.gradle.cache.internal.DefaultFileLockManager] Waiting to acquire exclusive lock on daemon addresses registry.
01:05:07.825 [DEBUG] [org.gradle.cache.internal.DefaultFileLockManager] Lock acquired on daemon addresses registry.
01:05:07.845 [DEBUG] [org.gradle.cache.internal.DefaultFileLockManager] Releasing lock on daemon addresses registry.
01:05:07.847 [LIFECYCLE] [org.gradle.launcher.daemon.server.Daemon] Daemon server started.
01:05:07.851 [DEBUG] [org.gradle.launcher.daemon.bootstrap.DaemonStartupCommunication] Completed writing the daemon greeting. Closing streams...
01:05:07.860 [DEBUG] [org.gradle.internal.remote.internal.inet.TcpIncomingConnector] Accepted connection from /127.0.0.1:64750 to /127.0.0.1:64749.
01:05:07.870 [DEBUG] [org.gradle.launcher.daemon.server.Daemon] stopOnExpiration() called on daemon
01:05:07.874 [DEBUG] [org.gradle.launcher.daemon.server.Daemon] awaitExpiration() called on daemon
01:05:07.875 [DEBUG] [org.gradle.launcher.daemon.server.DaemonStateCoordinator] daemon is running. Sleeping until state changes.
01:05:08.020 [DEBUG] [org.gradle.launcher.daemon.server.SynchronizedDispatchConnection] thread 23: received class org.gradle.launcher.daemon.protocol.Build
01:05:08.021 [DEBUG] [org.gradle.launcher.daemon.server.DefaultDaemonConnection] thread 23: Received non-IO message from client: Build{id=a63893ab-f32d-4289-a1a9-5ace21035147, currentDir=D:\Isel\19-20\Verao\MPD\Rep Aulas\TPC}
01:05:08.022 [INFO] [org.gradle.launcher.daemon.server.DefaultIncomingConnectionHandler] Received command: Build{id=a63893ab-f32d-4289-a1a9-5ace21035147, currentDir=D:\Isel\19-20\Verao\MPD\Rep Aulas\TPC}.
01:05:08.022 [DEBUG] [org.gradle.launcher.daemon.server.DefaultIncomingConnectionHandler] Starting executing command: Build{id=a63893ab-f32d-4289-a1a9-5ace21035147, currentDir=D:\Isel\19-20\Verao\MPD\Rep Aulas\TPC} with connection: socket connection from /127.0.0.1:64749 to /127.0.0.1:64750.
01:05:08.029 [ERROR] [org.gradle.launcher.daemon.server.DaemonStateCoordinator] Command execution: started DaemonCommandExecution[command = Build{id=a63893ab-f32d-4289-a1a9-5ace21035147, currentDir=D:\Isel\19-20\Verao\MPD\Rep Aulas\TPC}, connection = DefaultDaemonConnection: socket connection from /127.0.0.1:64749 to /127.0.0.1:64750] after 0.0 minutes of idle
01:05:08.030 [INFO] [org.gradle.launcher.daemon.server.DaemonRegistryUpdater] Marking the daemon as busy, address: [21fce8b7-76c2-4d99-a58c-3e13ab7db056 port:64749, addresses:[/127.0.0.1, /0:0:0:0:0:0:0:1]]
01:05:08.030 [DEBUG] [org.gradle.launcher.daemon.registry.PersistentDaemonRegistry] Marking busy by address: [21fce8b7-76c2-4d99-a58c-3e13ab7db056 port:64749, addresses:[/127.0.0.1, /0:0:0:0:0:0:0:1]]
01:05:08.031 [DEBUG] [org.gradle.cache.internal.DefaultFileLockManager] Waiting to acquire exclusive lock on daemon addresses registry.
01:05:08.033 [DEBUG] [org.gradle.cache.internal.DefaultFileLockManager] Lock acquired on daemon addresses registry.
01:05:08.039 [DEBUG] [org.gradle.cache.internal.DefaultFileLockManager] Releasing lock on daemon addresses registry.
01:05:08.040 [DEBUG] [org.gradle.launcher.daemon.server.DaemonStateCoordinator] resetting idle timer
01:05:08.041 [DEBUG] [org.gradle.launcher.daemon.server.DaemonStateCoordinator] daemon is running. Sleeping until state changes.
01:05:08.043 [INFO] [org.gradle.launcher.daemon.server.exec.StartBuildOrRespondWithBusy] Daemon is about to start building Build{id=a63893ab-f32d-4289-a1a9-5ace21035147, currentDir=D:\Isel\19-20\Verao\MPD\Rep Aulas\TPC}. Dispatching build started information...
01:05:08.044 [DEBUG] [org.gradle.launcher.daemon.server.SynchronizedDispatchConnection] thread 25: dispatching class org.gradle.launcher.daemon.protocol.BuildStarted
01:05:08.047 [DEBUG] [org.gradle.launcher.daemon.server.exec.EstablishBuildEnvironment] Configuring env variables: {ACTEL_FOR_ALTIUM_OVERRIDE= , USERDOMAIN_ROAMINGPROFILE=ISEL2, PROCESSOR_LEVEL=6, SESSIONNAME=Console, ALLUSERSPROFILE=C:\ProgramData, PROCESSOR_ARCHITECTURE=AMD64, PSModulePath=C:\Program Files\WindowsPowerShell\Modules;C:\WINDOWS\system32\WindowsPowerShell\v1.0\Modules;C:\Program Files (x86)\Microsoft SQL Server\120\Tools\PowerShell\Modules\;C:\Program Files (x86)\Microsoft SQL Server\110\Tools\PowerShell\Modules\;C:\Program Files (x86)\Microsoft SQL Server\140\Tools\PowerShell\Modules\, SystemDrive=C:, USERNAME=A38866, USERDNSDOMAIN=isel.priv, ProgramFiles(x86)=C:\Program Files (x86), FPS_BROWSER_USER_PROFILE_STRING=Default, PATHEXT=.COM;.EXE;.BAT;.CMD;.VBS;.VBE;.JS;.JSE;.WSF;.WSH;.MSC;.tcl, DriverData=C:\Windows\System32\Drivers\DriverData, SW_SIM_TEMP=C:\ProgramData\SOLIDWORKS\SW_net_sim_temp\, ProgramData=C:\ProgramData, ProgramW6432=C:\Program Files, HOMEPATH=\Users\A38866, PROCESSOR_IDENTIFIER=Intel64 Family 6 Model 60 Stepping 3, GenuineIntel, ProgramFiles=C:\Program Files, PUBLIC=C:\Users\Public, windir=C:\WINDOWS, FITTERDIR=C:\Wincupl\Wincupl\Fitters, =::=::\, OneDriveCommercial=C:\Users\A38866\OneDrive - Instituto Superior de Engenharia de Lisboa, LOCALAPPDATA=C:\Users\A38866\AppData\Local, MSMPI_BIN=C:\Program Files\Microsoft MPI\Bin\, USERDOMAIN=ISEL2, FPS_BROWSER_APP_PROFILE_STRING=Internet Explorer, LOGONSERVER=\\QUACK, JAVA_HOME=C:\Program Files\Java\jdk-11.0.6, ALTERA_FOR_ALTIUM_OVERRIDE= , GRADLE_HOME=D:\Downloads\gradle-5.0-all.zip, OneDrive=C:\Users\A38866\OneDrive - Instituto Superior de Engenharia de Lisboa, APPDATA=C:\Users\A38866\AppData\Roaming, VBOX_MSI_INSTALL_PATH=C:\Program Files\Oracle\VirtualBox\, CommonProgramFiles=C:\Program Files\Common Files, Path=C:\Tcl\bin;C:\Program Files (x86)\Common Files\Oracle\Java\javapath;C:\Program Files\Microsoft MPI\Bin\;C:\Program Files (x86)\Intel\iCLS Client\;C:\Program Files\Intel\iCLS Client\;C:\Program Files (x86)\NVIDIA Corporation\PhysX\Common;C:\WINDOWS\system32;C:\WINDOWS;C:\WINDOWS\System32\Wbem;C:\WINDOWS\System32\WindowsPowerShell\v1.0\;C:\Program Files\Microsoft SQL Server\Client SDK\ODBC\110\Tools\Binn\;C:\Program Files (x86)\Microsoft SQL Server\120\Tools\Binn\;C:\Program Files\Microsoft SQL Server\120\Tools\Binn\;C:\Program Files\Microsoft SQL Server\120\DTS\Binn\;C:\Program Files (x86)\Windows Kits\8.1\Windows Performance Toolkit\;C:\Program Files (x86)\Intel\Intel(R) Management Engine Components\DAL;C:\Program Files\Intel\Intel(R) Management Engine Components\DAL;C:\Program Files (x86)\Intel\Intel(R) Management Engine Components\IPT;C:\Program Files\Intel\Intel(R) Management Engine Components\IPT;C:\Program Files\Microsoft SQL Server\110\DTS\Binn\;C:\Program Files (x86)\Microsoft SQL Server\110\Tools\Binn\;C:\Program Files\Microsoft SQL Server\110\Tools\Binn\;C:\Program Files (x86)\Microsoft SQL Server\110\Tools\Binn\ManagementStudio\;C:\Program Files (x86)\Microsoft SQL Server\110\DTS\Binn\;C:\WINDOWS\System32\OpenSSH\;C:\Program Files (x86)\Microsoft SQL Server\140\Tools\Binn\;C:\Program Files\Microsoft SQL Server\140\Tools\Binn\;C:\Program Files (x86)\Microsoft SQL Server\140\DTS\Binn\;C:\Program Files\Microsoft SQL Server\140\DTS\Binn\;C:\Program Files\Microsoft SQL Server\Client SDK\ODBC\130\Tools\Binn\;C:\Android;C:\Windows\System32;C:\Program Files\dotnet\;C:\Program Files\Microsoft SQL Server\130\Tools\Binn\;C:\Program Files\NVIDIA Corporation\NVIDIA NvDLISR;C:\Gradle\gradle-5.0\bin;C:\Program Files\Git\cmd;C:\Program Files\Java\jdk1.8.0_181\bin;C:\Program Files (x86)\STMicroelectronics\STM32 ST-LINK Utility\ST-LINK Utility;C:\Program Files\doxygen\bin;C:\Program Files\Microsoft SQL Server\Client SDK\ODBC\170\Tools\Binn\;C:\Program Files (x86)\GitExtensions\;C:\Program Files\MATLAB\R2019b\bin;C:\Wincupl\WINCUPL\EXE;C:\Wincupl\WINCUPL\FITTERS;C:\Program Files\Java\jdk-11.0.6\bin;C:\Program Files (x86)\Microsoft Visual Studio\2019\Professional\Common7\Tools\Shortcut;C:\Program Files (x86)\FAHClient, ANDROID_SDK_HOME=C:\Android, OS=Windows_NT, COMPUTERNAME=QUACK, SW_SIM_HYDRA=C:\Program Files\Common Files\SolidWorks Shared\Simulation Worker Agent\, PROCESSOR_REVISION=3c03, CommonProgramW6432=C:\Program Files\Common Files, ComSpec=C:\WINDOWS\system32\cmd.exe, TEMP=C:\Users\A38866\AppData\Local\Temp, SystemRoot=C:\WINDOWS, HOMEDRIVE=C:, USERPROFILE=C:\Users\A38866, TMP=C:\Users\A38866\AppData\Local\Temp, CommonProgramFiles(x86)=C:\Program Files (x86)\Common Files, NUMBER_OF_PROCESSORS=8, SW_SIM_MPIT=INTELMPI, IDEA_INITIAL_DIRECTORY=C:\Program Files\JetBrains\IntelliJ IDEA 2019.3.3\bin}
01:05:08.070 [DEBUG] [org.gradle.launcher.daemon.server.exec.LogToClient] About to start relaying all logs to the client via the connection.
01:05:08.070 [INFO] [org.gradle.launcher.daemon.server.exec.LogToClient] The client will now receive all logging from the daemon (pid: 15804). The daemon log file: D:\Isel\19-20\Verao\MPD\Rep Aulas\TPCs\gradle\daemon\5.1\daemon-15804.out.log
01:05:08.076 [INFO] [org.gradle.launcher.daemon.server.exec.LogAndCheckHealth] Starting build in new daemon [memory: 536,9 MB]
01:05:08.092 [DEBUG] [org.gradle.launcher.daemon.server.exec.ExecuteBuild] The daemon has started executing the build.
01:05:08.093 [DEBUG] [org.gradle.launcher.daemon.server.exec.ExecuteBuild] Executing build with daemon context: DefaultDaemonContext[uid=13034aef-0bff-4e58-bf8a-4f0ca3aaa610,javaHome=C:\Program Files\Java\jdk-11.0.6,daemonRegistryDir=D:\Isel\19-20\Verao\MPD\Rep Aulas\TPCs\gradle\daemon,pid=15804,idleTimeout=10800000,priority=NORMAL,daemonOpts=-XX:MaxMetaspaceSize=256m,-XX:+HeapDumpOnOutOfMemoryError,-agentlib:jdwp=transport=dt_socket,server=n,suspend=y,address=127.0.0.1:64744,--add-opens,java.base/java.util=ALL-UNNAMED,--add-opens,java.base/java.lang=ALL-UNNAMED,--add-opens,java.base/java.lang.invoke=ALL-UNNAMED,--add-opens,java.prefs/java.util.prefs=ALL-UNNAMED,-Xmx512m,-Dfile.encoding=windows-1252,-Duser.country=PT,-Duser.language=pt,-Duser.variant]

<ijLog><event type='reportLocation' testReport='D:\Isel\19-20\Verao\MPD\Rep Aulas\TPC\aula09-json-and-restful\build\reports\tests\test\index.html' /></ijLog>

<ijLog><event type='beforeSuite'><ijLogEol/>
  <test id=':aula09-json-and-restful:test' parentId=''><ijLogEol/>
    <descriptor name='Gradle Test Run :aula09-json-and-restful:test' className='' /><ijLogEol/>
  </test><ijLogEol/>
</event></ijLog>

<ijLog><event type='beforeSuite'><ijLogEol/>
  <test id='1.1' parentId=':aula09-json-and-restful:test'><ijLogEol/>
    <descriptor name='Gradle Test Executor 1' className='' /><ijLogEol/>
  </test><ijLogEol/>
</event></ijLog>

<ijLog><event type='beforeSuite'><ijLogEol/>
  <test id='1.2' parentId='1.1'><ijLogEol/>
    <descriptor name='pt.isel.mpd.WeatherServiceTest' className='pt.isel.mpd.WeatherServiceTest' /><ijLogEol/>
  </test><ijLogEol/>
</event></ijLog>

<ijLog><event type='beforeTest'><ijLogEol/>
  <test id='1.3' parentId='1.2'><ijLogEol/>
    <descriptor name='testPastWeatherOfFaroCityMockRequest' className='pt.isel.mpd.WeatherServiceTest' /><ijLogEol/>
  </test><ijLogEol/>
</event></ijLog>
