01:20:22.855 [DEBUG] [org.gradle.launcher.daemon.bootstrap.DaemonMain] Assuming the daemon was started with following jvm opts: [-XX:MaxMetaspaceSize=256m, -XX:+HeapDumpOnOutOfMemoryError, -agentlib:jdwp=transport=dt_socket,server=n,suspend=y,address=127.0.0.1:65116, --add-opens, java.base/java.util=ALL-UNNAMED, --add-opens, java.base/java.lang=ALL-UNNAMED, --add-opens, java.base/java.lang.invoke=ALL-UNNAMED, --add-opens, java.prefs/java.util.prefs=ALL-UNNAMED, -Xmx512m, -Dfile.encoding=windows-1252, -Duser.country=PT, -Duser.language=pt, -Duser.variant]
01:20:23.034 [DEBUG] [org.gradle.internal.nativeintegration.services.NativeServices] Native-platform posix files integration is not available. Continuing with fallback.
01:20:23.153 [INFO] [org.gradle.launcher.daemon.server.Daemon] start() called on daemon - DefaultDaemonContext[uid=e4977b7e-f693-4967-870c-2a0c5589887c,javaHome=C:\Program Files\Java\jdk-11.0.6,daemonRegistryDir=D:\Isel\19-20\Verao\MPD\Rep Aulas\TPCs\gradle\daemon,pid=2320,idleTimeout=10800000,priority=NORMAL,daemonOpts=-XX:MaxMetaspaceSize=256m,-XX:+HeapDumpOnOutOfMemoryError,-agentlib:jdwp=transport=dt_socket,server=n,suspend=y,address=127.0.0.1:65116,--add-opens,java.base/java.util=ALL-UNNAMED,--add-opens,java.base/java.lang=ALL-UNNAMED,--add-opens,java.base/java.lang.invoke=ALL-UNNAMED,--add-opens,java.prefs/java.util.prefs=ALL-UNNAMED,-Xmx512m,-Dfile.encoding=windows-1252,-Duser.country=PT,-Duser.language=pt,-Duser.variant]
01:20:23.646 [DEBUG] [org.gradle.internal.remote.internal.inet.InetAddresses] Adding IP addresses for network interface Software Loopback Interface 1
01:20:23.649 [DEBUG] [org.gradle.internal.remote.internal.inet.InetAddresses] Is this a loopback interface? true
01:20:23.649 [DEBUG] [org.gradle.internal.remote.internal.inet.InetAddresses] Adding loopback address /127.0.0.1
01:20:23.649 [DEBUG] [org.gradle.internal.remote.internal.inet.InetAddresses] Adding loopback address /0:0:0:0:0:0:0:1
01:20:23.653 [DEBUG] [org.gradle.internal.remote.internal.inet.InetAddresses] Adding IP addresses for network interface Microsoft 6to4 Adapter
01:20:23.656 [DEBUG] [org.gradle.internal.remote.internal.inet.InetAddresses] Is this a loopback interface? false
01:20:23.656 [DEBUG] [org.gradle.internal.remote.internal.inet.InetAddresses] Adding IP addresses for network interface Microsoft Kernel Debug Network Adapter
01:20:23.659 [DEBUG] [org.gradle.internal.remote.internal.inet.InetAddresses] Is this a loopback interface? false
01:20:23.659 [DEBUG] [org.gradle.internal.remote.internal.inet.InetAddresses] Adding IP addresses for network interface Microsoft IP-HTTPS Platform Adapter
01:20:23.662 [DEBUG] [org.gradle.internal.remote.internal.inet.InetAddresses] Is this a loopback interface? false
01:20:23.662 [DEBUG] [org.gradle.internal.remote.internal.inet.InetAddresses] Adding IP addresses for network interface WAN Miniport (IKEv2)
01:20:23.664 [DEBUG] [org.gradle.internal.remote.internal.inet.InetAddresses] Is this a loopback interface? false
01:20:23.665 [DEBUG] [org.gradle.internal.remote.internal.inet.InetAddresses] Adding IP addresses for network interface RAS Async Adapter
01:20:23.668 [DEBUG] [org.gradle.internal.remote.internal.inet.InetAddresses] Is this a loopback interface? false
01:20:23.669 [DEBUG] [org.gradle.internal.remote.internal.inet.InetAddresses] Adding IP addresses for network interface Bluetooth Device (Personal Area Network) #2
01:20:23.672 [DEBUG] [org.gradle.internal.remote.internal.inet.InetAddresses] Is this a loopback interface? false
01:20:23.673 [DEBUG] [org.gradle.internal.remote.internal.inet.InetAddresses] Adding IP addresses for network interface Qualcomm Atheros AR956x Wireless Network Adapter
01:20:23.675 [DEBUG] [org.gradle.internal.remote.internal.inet.InetAddresses] Is this a loopback interface? false
01:20:23.675 [DEBUG] [org.gradle.internal.remote.internal.inet.InetAddresses] Adding remote address /192.168.1.82
01:20:23.676 [DEBUG] [org.gradle.internal.remote.internal.inet.InetAddresses] Adding remote address /2001:8a0:7033:8001:b8c9:42e8:8770:c4d6
01:20:23.676 [DEBUG] [org.gradle.internal.remote.internal.inet.InetAddresses] Adding remote address /2001:8a0:7033:8001:4944:dd3f:1a20:30ee
01:20:23.677 [DEBUG] [org.gradle.internal.remote.internal.inet.InetAddresses] Adding remote address /fe80:0:0:0:b8c9:42e8:8770:c4d6%wlan0
01:20:23.677 [DEBUG] [org.gradle.internal.remote.internal.inet.InetAddresses] Adding IP addresses for network interface Microsoft Wi-Fi Direct Virtual Adapter
01:20:23.683 [DEBUG] [org.gradle.internal.remote.internal.inet.InetAddresses] Is this a loopback interface? false
01:20:23.683 [DEBUG] [org.gradle.internal.remote.internal.inet.InetAddresses] Adding remote address /fe80:0:0:0:8068:cbf4:e99a:5c0e%wlan1
01:20:23.684 [DEBUG] [org.gradle.internal.remote.internal.inet.InetAddresses] Adding IP addresses for network interface WAN Miniport (L2TP)
01:20:23.687 [DEBUG] [org.gradle.internal.remote.internal.inet.InetAddresses] Is this a loopback interface? false
01:20:23.688 [DEBUG] [org.gradle.internal.remote.internal.inet.InetAddresses] Adding IP addresses for network interface WAN Miniport (PPTP)
01:20:23.691 [DEBUG] [org.gradle.internal.remote.internal.inet.InetAddresses] Is this a loopback interface? false
01:20:23.692 [DEBUG] [org.gradle.internal.remote.internal.inet.InetAddresses] Adding IP addresses for network interface WAN Miniport (IP)
01:20:23.696 [DEBUG] [org.gradle.internal.remote.internal.inet.InetAddresses] Is this a loopback interface? false
01:20:23.696 [DEBUG] [org.gradle.internal.remote.internal.inet.InetAddresses] Adding IP addresses for network interface Remote NDIS based Internet Sharing Device
01:20:23.701 [DEBUG] [org.gradle.internal.remote.internal.inet.InetAddresses] Is this a loopback interface? false
01:20:23.702 [DEBUG] [org.gradle.internal.remote.internal.inet.InetAddresses] Adding IP addresses for network interface WAN Miniport (IPv6)
01:20:23.706 [DEBUG] [org.gradle.internal.remote.internal.inet.InetAddresses] Is this a loopback interface? false
01:20:23.706 [DEBUG] [org.gradle.internal.remote.internal.inet.InetAddresses] Adding IP addresses for network interface Microsoft Teredo Tunneling Adapter
01:20:23.710 [DEBUG] [org.gradle.internal.remote.internal.inet.InetAddresses] Is this a loopback interface? false
01:20:23.711 [DEBUG] [org.gradle.internal.remote.internal.inet.InetAddresses] Adding IP addresses for network interface WAN Miniport (PPPOE)
01:20:23.714 [DEBUG] [org.gradle.internal.remote.internal.inet.InetAddresses] Is this a loopback interface? false
01:20:23.715 [DEBUG] [org.gradle.internal.remote.internal.inet.InetAddresses] Adding IP addresses for network interface WAN Miniport (Network Monitor)
01:20:23.719 [DEBUG] [org.gradle.internal.remote.internal.inet.InetAddresses] Is this a loopback interface? false
01:20:23.719 [DEBUG] [org.gradle.internal.remote.internal.inet.InetAddresses] Adding IP addresses for network interface Bluetooth Device (RFCOMM Protocol TDI)
01:20:23.723 [DEBUG] [org.gradle.internal.remote.internal.inet.InetAddresses] Is this a loopback interface? false
01:20:23.724 [DEBUG] [org.gradle.internal.remote.internal.inet.InetAddresses] Adding IP addresses for network interface Qualcomm Atheros AR8171/8175 PCI-E Gigabit Ethernet Controller (NDIS 6.30)
01:20:23.727 [DEBUG] [org.gradle.internal.remote.internal.inet.InetAddresses] Is this a loopback interface? false
01:20:23.728 [DEBUG] [org.gradle.internal.remote.internal.inet.InetAddresses] Adding remote address /fe80:0:0:0:f554:2491:9e89:9c7c%eth6
01:20:23.728 [DEBUG] [org.gradle.internal.remote.internal.inet.InetAddresses] Adding IP addresses for network interface Microsoft Wi-Fi Direct Virtual Adapter #2
01:20:23.732 [DEBUG] [org.gradle.internal.remote.internal.inet.InetAddresses] Is this a loopback interface? false
01:20:23.733 [DEBUG] [org.gradle.internal.remote.internal.inet.InetAddresses] Adding remote address /fe80:0:0:0:c597:752d:752c:65cc%wlan2
01:20:23.733 [DEBUG] [org.gradle.internal.remote.internal.inet.InetAddresses] Adding IP addresses for network interface VirtualBox Host-Only Ethernet Adapter
01:20:23.736 [DEBUG] [org.gradle.internal.remote.internal.inet.InetAddresses] Is this a loopback interface? false
01:20:23.736 [DEBUG] [org.gradle.internal.remote.internal.inet.InetAddresses] Adding remote address /192.168.56.1
01:20:23.736 [DEBUG] [org.gradle.internal.remote.internal.inet.InetAddresses] Adding remote address /fe80:0:0:0:c8a3:a81c:a081:2a13%eth7
01:20:23.736 [DEBUG] [org.gradle.internal.remote.internal.inet.InetAddresses] Adding IP addresses for network interface Bluetooth Device (Personal Area Network)
01:20:23.739 [DEBUG] [org.gradle.internal.remote.internal.inet.InetAddresses] Is this a loopback interface? false
01:20:23.739 [DEBUG] [org.gradle.internal.remote.internal.inet.InetAddresses] Adding IP addresses for network interface WAN Miniport (SSTP)
01:20:23.741 [DEBUG] [org.gradle.internal.remote.internal.inet.InetAddresses] Is this a loopback interface? false
01:20:23.741 [DEBUG] [org.gradle.internal.remote.internal.inet.InetAddresses] Adding IP addresses for network interface VirtualBox Host-Only Ethernet Adapter-WFP Native MAC Layer LightWeight Filter-0000
01:20:23.744 [DEBUG] [org.gradle.internal.remote.internal.inet.InetAddresses] Is this a loopback interface? false
01:20:23.744 [DEBUG] [org.gradle.internal.remote.internal.inet.InetAddresses] Adding IP addresses for network interface VirtualBox Host-Only Ethernet Adapter-QoS Packet Scheduler-0000
01:20:23.747 [DEBUG] [org.gradle.internal.remote.internal.inet.InetAddresses] Is this a loopback interface? false
01:20:23.747 [DEBUG] [org.gradle.internal.remote.internal.inet.InetAddresses] Adding IP addresses for network interface VirtualBox Host-Only Ethernet Adapter-WFP 802.3 MAC Layer LightWeight Filter-0000
01:20:23.751 [DEBUG] [org.gradle.internal.remote.internal.inet.InetAddresses] Is this a loopback interface? false
01:20:23.751 [DEBUG] [org.gradle.internal.remote.internal.inet.InetAddresses] Adding IP addresses for network interface Qualcomm Atheros AR8171/8175 PCI-E Gigabit Ethernet Controller (NDIS 6.30)-WFP Native MAC Layer LightWeight Filter-0000
01:20:23.753 [DEBUG] [org.gradle.internal.remote.internal.inet.InetAddresses] Is this a loopback interface? false
01:20:23.754 [DEBUG] [org.gradle.internal.remote.internal.inet.InetAddresses] Adding IP addresses for network interface Qualcomm Atheros AR8171/8175 PCI-E Gigabit Ethernet Controller (NDIS 6.30)-VirtualBox NDIS Light-Weight Filter-0000
01:20:23.756 [DEBUG] [org.gradle.internal.remote.internal.inet.InetAddresses] Is this a loopback interface? false
01:20:23.757 [DEBUG] [org.gradle.internal.remote.internal.inet.InetAddresses] Adding IP addresses for network interface Qualcomm Atheros AR8171/8175 PCI-E Gigabit Ethernet Controller (NDIS 6.30)-QoS Packet Scheduler-0000
01:20:23.759 [DEBUG] [org.gradle.internal.remote.internal.inet.InetAddresses] Is this a loopback interface? false
01:20:23.759 [DEBUG] [org.gradle.internal.remote.internal.inet.InetAddresses] Adding IP addresses for network interface Qualcomm Atheros AR8171/8175 PCI-E Gigabit Ethernet Controller (NDIS 6.30)-WFP 802.3 MAC Layer LightWeight Filter-0000
01:20:23.762 [DEBUG] [org.gradle.internal.remote.internal.inet.InetAddresses] Is this a loopback interface? false
01:20:23.762 [DEBUG] [org.gradle.internal.remote.internal.inet.InetAddresses] Adding IP addresses for network interface Qualcomm Atheros AR956x Wireless Network Adapter-WFP Native MAC Layer LightWeight Filter-0000
01:20:23.764 [DEBUG] [org.gradle.internal.remote.internal.inet.InetAddresses] Is this a loopback interface? false
01:20:23.765 [DEBUG] [org.gradle.internal.remote.internal.inet.InetAddresses] Adding IP addresses for network interface Qualcomm Atheros AR956x Wireless Network Adapter-Virtual WiFi Filter Driver-0000
01:20:23.767 [DEBUG] [org.gradle.internal.remote.internal.inet.InetAddresses] Is this a loopback interface? false
01:20:23.768 [DEBUG] [org.gradle.internal.remote.internal.inet.InetAddresses] Adding IP addresses for network interface Qualcomm Atheros AR956x Wireless Network Adapter-Native WiFi Filter Driver-0000
01:20:23.771 [DEBUG] [org.gradle.internal.remote.internal.inet.InetAddresses] Is this a loopback interface? false
01:20:23.771 [DEBUG] [org.gradle.internal.remote.internal.inet.InetAddresses] Adding IP addresses for network interface Qualcomm Atheros AR956x Wireless Network Adapter-VirtualBox NDIS Light-Weight Filter-0000
01:20:23.775 [DEBUG] [org.gradle.internal.remote.internal.inet.InetAddresses] Is this a loopback interface? false
01:20:23.775 [DEBUG] [org.gradle.internal.remote.internal.inet.InetAddresses] Adding IP addresses for network interface Qualcomm Atheros AR956x Wireless Network Adapter-QoS Packet Scheduler-0000
01:20:23.778 [DEBUG] [org.gradle.internal.remote.internal.inet.InetAddresses] Is this a loopback interface? false
01:20:23.778 [DEBUG] [org.gradle.internal.remote.internal.inet.InetAddresses] Adding IP addresses for network interface Qualcomm Atheros AR956x Wireless Network Adapter-WFP 802.3 MAC Layer LightWeight Filter-0000
01:20:23.780 [DEBUG] [org.gradle.internal.remote.internal.inet.InetAddresses] Is this a loopback interface? false
01:20:23.780 [DEBUG] [org.gradle.internal.remote.internal.inet.InetAddresses] Adding IP addresses for network interface WAN Miniport (IP)-WFP Native MAC Layer LightWeight Filter-0000
01:20:23.783 [DEBUG] [org.gradle.internal.remote.internal.inet.InetAddresses] Is this a loopback interface? false
01:20:23.783 [DEBUG] [org.gradle.internal.remote.internal.inet.InetAddresses] Adding IP addresses for network interface WAN Miniport (IP)-QoS Packet Scheduler-0000
01:20:23.786 [DEBUG] [org.gradle.internal.remote.internal.inet.InetAddresses] Is this a loopback interface? false
01:20:23.786 [DEBUG] [org.gradle.internal.remote.internal.inet.InetAddresses] Adding IP addresses for network interface WAN Miniport (IPv6)-WFP Native MAC Layer LightWeight Filter-0000
01:20:23.788 [DEBUG] [org.gradle.internal.remote.internal.inet.InetAddresses] Is this a loopback interface? false
01:20:23.789 [DEBUG] [org.gradle.internal.remote.internal.inet.InetAddresses] Adding IP addresses for network interface WAN Miniport (IPv6)-QoS Packet Scheduler-0000
01:20:23.791 [DEBUG] [org.gradle.internal.remote.internal.inet.InetAddresses] Is this a loopback interface? false
01:20:23.791 [DEBUG] [org.gradle.internal.remote.internal.inet.InetAddresses] Adding IP addresses for network interface WAN Miniport (Network Monitor)-WFP Native MAC Layer LightWeight Filter-0000
01:20:23.794 [DEBUG] [org.gradle.internal.remote.internal.inet.InetAddresses] Is this a loopback interface? false
01:20:23.794 [DEBUG] [org.gradle.internal.remote.internal.inet.InetAddresses] Adding IP addresses for network interface WAN Miniport (Network Monitor)-QoS Packet Scheduler-0000
01:20:23.796 [DEBUG] [org.gradle.internal.remote.internal.inet.InetAddresses] Is this a loopback interface? false
01:20:23.797 [DEBUG] [org.gradle.internal.remote.internal.inet.InetAddresses] Adding IP addresses for network interface Microsoft Wi-Fi Direct Virtual Adapter-WFP Native MAC Layer LightWeight Filter-0000
01:20:23.800 [DEBUG] [org.gradle.internal.remote.internal.inet.InetAddresses] Is this a loopback interface? false
01:20:23.800 [DEBUG] [org.gradle.internal.remote.internal.inet.InetAddresses] Adding IP addresses for network interface Microsoft Wi-Fi Direct Virtual Adapter-Native WiFi Filter Driver-0000
01:20:23.803 [DEBUG] [org.gradle.internal.remote.internal.inet.InetAddresses] Is this a loopback interface? false
01:20:23.803 [DEBUG] [org.gradle.internal.remote.internal.inet.InetAddresses] Adding IP addresses for network interface Microsoft Wi-Fi Direct Virtual Adapter-VirtualBox NDIS Light-Weight Filter-0000
01:20:23.806 [DEBUG] [org.gradle.internal.remote.internal.inet.InetAddresses] Is this a loopback interface? false
01:20:23.806 [DEBUG] [org.gradle.internal.remote.internal.inet.InetAddresses] Adding IP addresses for network interface Microsoft Wi-Fi Direct Virtual Adapter-QoS Packet Scheduler-0000
01:20:23.808 [DEBUG] [org.gradle.internal.remote.internal.inet.InetAddresses] Is this a loopback interface? false
01:20:23.808 [DEBUG] [org.gradle.internal.remote.internal.inet.InetAddresses] Adding IP addresses for network interface Microsoft Wi-Fi Direct Virtual Adapter-WFP 802.3 MAC Layer LightWeight Filter-0000
01:20:23.811 [DEBUG] [org.gradle.internal.remote.internal.inet.InetAddresses] Is this a loopback interface? false
01:20:23.811 [DEBUG] [org.gradle.internal.remote.internal.inet.InetAddresses] Adding IP addresses for network interface Microsoft Wi-Fi Direct Virtual Adapter #2-WFP Native MAC Layer LightWeight Filter-0000
01:20:23.814 [DEBUG] [org.gradle.internal.remote.internal.inet.InetAddresses] Is this a loopback interface? false
01:20:23.814 [DEBUG] [org.gradle.internal.remote.internal.inet.InetAddresses] Adding IP addresses for network interface Microsoft Wi-Fi Direct Virtual Adapter #2-Native WiFi Filter Driver-0000
01:20:23.816 [DEBUG] [org.gradle.internal.remote.internal.inet.InetAddresses] Is this a loopback interface? false
01:20:23.816 [DEBUG] [org.gradle.internal.remote.internal.inet.InetAddresses] Adding IP addresses for network interface Microsoft Wi-Fi Direct Virtual Adapter #2-VirtualBox NDIS Light-Weight Filter-0000
01:20:23.819 [DEBUG] [org.gradle.internal.remote.internal.inet.InetAddresses] Is this a loopback interface? false
01:20:23.819 [DEBUG] [org.gradle.internal.remote.internal.inet.InetAddresses] Adding IP addresses for network interface Microsoft Wi-Fi Direct Virtual Adapter #2-QoS Packet Scheduler-0000
01:20:23.821 [DEBUG] [org.gradle.internal.remote.internal.inet.InetAddresses] Is this a loopback interface? false
01:20:23.821 [DEBUG] [org.gradle.internal.remote.internal.inet.InetAddresses] Adding IP addresses for network interface Microsoft Wi-Fi Direct Virtual Adapter #2-WFP 802.3 MAC Layer LightWeight Filter-0000
01:20:23.823 [DEBUG] [org.gradle.internal.remote.internal.inet.InetAddresses] Is this a loopback interface? false
01:20:23.827 [DEBUG] [org.gradle.internal.remote.internal.inet.TcpIncomingConnector] Listening on [c3f84d2d-6f68-42a0-9fc9-54f540b2f34d port:65122, addresses:[/127.0.0.1, /0:0:0:0:0:0:0:1]].
01:20:23.837 [DEBUG] [org.gradle.launcher.daemon.server.Daemon] Daemon starting at: Sat Mar 21 01:20:23 GMT 2020, with address: [c3f84d2d-6f68-42a0-9fc9-54f540b2f34d port:65122, addresses:[/127.0.0.1, /0:0:0:0:0:0:0:1]]
01:20:23.837 [INFO] [org.gradle.launcher.daemon.server.DaemonRegistryUpdater] Advertising the daemon address to the clients: [c3f84d2d-6f68-42a0-9fc9-54f540b2f34d port:65122, addresses:[/127.0.0.1, /0:0:0:0:0:0:0:1]]
01:20:23.838 [DEBUG] [org.gradle.launcher.daemon.server.DaemonRegistryUpdater] Advertised daemon context: DefaultDaemonContext[uid=e4977b7e-f693-4967-870c-2a0c5589887c,javaHome=C:\Program Files\Java\jdk-11.0.6,daemonRegistryDir=D:\Isel\19-20\Verao\MPD\Rep Aulas\TPCs\gradle\daemon,pid=2320,idleTimeout=10800000,priority=NORMAL,daemonOpts=-XX:MaxMetaspaceSize=256m,-XX:+HeapDumpOnOutOfMemoryError,-agentlib:jdwp=transport=dt_socket,server=n,suspend=y,address=127.0.0.1:65116,--add-opens,java.base/java.util=ALL-UNNAMED,--add-opens,java.base/java.lang=ALL-UNNAMED,--add-opens,java.base/java.lang.invoke=ALL-UNNAMED,--add-opens,java.prefs/java.util.prefs=ALL-UNNAMED,-Xmx512m,-Dfile.encoding=windows-1252,-Duser.country=PT,-Duser.language=pt,-Duser.variant]
01:20:23.840 [DEBUG] [org.gradle.launcher.daemon.registry.PersistentDaemonRegistry] Storing daemon address: [c3f84d2d-6f68-42a0-9fc9-54f540b2f34d port:65122, addresses:[/127.0.0.1, /0:0:0:0:0:0:0:1]], context: DefaultDaemonContext[uid=e4977b7e-f693-4967-870c-2a0c5589887c,javaHome=C:\Program Files\Java\jdk-11.0.6,daemonRegistryDir=D:\Isel\19-20\Verao\MPD\Rep Aulas\TPCs\gradle\daemon,pid=2320,idleTimeout=10800000,priority=NORMAL,daemonOpts=-XX:MaxMetaspaceSize=256m,-XX:+HeapDumpOnOutOfMemoryError,-agentlib:jdwp=transport=dt_socket,server=n,suspend=y,address=127.0.0.1:65116,--add-opens,java.base/java.util=ALL-UNNAMED,--add-opens,java.base/java.lang=ALL-UNNAMED,--add-opens,java.base/java.lang.invoke=ALL-UNNAMED,--add-opens,java.prefs/java.util.prefs=ALL-UNNAMED,-Xmx512m,-Dfile.encoding=windows-1252,-Duser.country=PT,-Duser.language=pt,-Duser.variant]
01:20:23.855 [DEBUG] [org.gradle.cache.internal.DefaultFileLockManager] Waiting to acquire exclusive lock on daemon addresses registry.
01:20:23.861 [DEBUG] [org.gradle.cache.internal.DefaultFileLockManager] Lock acquired on daemon addresses registry.
01:20:23.872 [DEBUG] [org.gradle.cache.internal.DefaultFileLockManager] Releasing lock on daemon addresses registry.
01:20:23.873 [LIFECYCLE] [org.gradle.launcher.daemon.server.Daemon] Daemon server started.
01:20:23.875 [DEBUG] [org.gradle.launcher.daemon.bootstrap.DaemonStartupCommunication] Completed writing the daemon greeting. Closing streams...
01:20:23.882 [DEBUG] [org.gradle.internal.remote.internal.inet.TcpIncomingConnector] Accepted connection from /127.0.0.1:65123 to /127.0.0.1:65122.
01:20:23.889 [DEBUG] [org.gradle.launcher.daemon.server.Daemon] stopOnExpiration() called on daemon
01:20:23.891 [DEBUG] [org.gradle.launcher.daemon.server.Daemon] awaitExpiration() called on daemon
01:20:23.892 [DEBUG] [org.gradle.launcher.daemon.server.DaemonStateCoordinator] daemon is running. Sleeping until state changes.
01:20:23.966 [DEBUG] [org.gradle.launcher.daemon.server.SynchronizedDispatchConnection] thread 23: received class org.gradle.launcher.daemon.protocol.Build
01:20:23.967 [DEBUG] [org.gradle.launcher.daemon.server.DefaultDaemonConnection] thread 23: Received non-IO message from client: Build{id=4b1f8b7a-7f89-48a3-87d8-0d5925c1ef25, currentDir=D:\Isel\19-20\Verao\MPD\Rep Aulas\TPC}
01:20:23.967 [INFO] [org.gradle.launcher.daemon.server.DefaultIncomingConnectionHandler] Received command: Build{id=4b1f8b7a-7f89-48a3-87d8-0d5925c1ef25, currentDir=D:\Isel\19-20\Verao\MPD\Rep Aulas\TPC}.
01:20:23.968 [DEBUG] [org.gradle.launcher.daemon.server.DefaultIncomingConnectionHandler] Starting executing command: Build{id=4b1f8b7a-7f89-48a3-87d8-0d5925c1ef25, currentDir=D:\Isel\19-20\Verao\MPD\Rep Aulas\TPC} with connection: socket connection from /127.0.0.1:65122 to /127.0.0.1:65123.
01:20:23.972 [ERROR] [org.gradle.launcher.daemon.server.DaemonStateCoordinator] Command execution: started DaemonCommandExecution[command = Build{id=4b1f8b7a-7f89-48a3-87d8-0d5925c1ef25, currentDir=D:\Isel\19-20\Verao\MPD\Rep Aulas\TPC}, connection = DefaultDaemonConnection: socket connection from /127.0.0.1:65122 to /127.0.0.1:65123] after 0.0 minutes of idle
01:20:23.973 [INFO] [org.gradle.launcher.daemon.server.DaemonRegistryUpdater] Marking the daemon as busy, address: [c3f84d2d-6f68-42a0-9fc9-54f540b2f34d port:65122, addresses:[/127.0.0.1, /0:0:0:0:0:0:0:1]]
01:20:23.973 [DEBUG] [org.gradle.launcher.daemon.registry.PersistentDaemonRegistry] Marking busy by address: [c3f84d2d-6f68-42a0-9fc9-54f540b2f34d port:65122, addresses:[/127.0.0.1, /0:0:0:0:0:0:0:1]]
01:20:23.974 [DEBUG] [org.gradle.cache.internal.DefaultFileLockManager] Waiting to acquire exclusive lock on daemon addresses registry.
01:20:23.975 [DEBUG] [org.gradle.cache.internal.DefaultFileLockManager] Lock acquired on daemon addresses registry.
01:20:23.978 [DEBUG] [org.gradle.cache.internal.DefaultFileLockManager] Releasing lock on daemon addresses registry.
01:20:23.979 [DEBUG] [org.gradle.launcher.daemon.server.DaemonStateCoordinator] resetting idle timer
01:20:23.979 [DEBUG] [org.gradle.launcher.daemon.server.DaemonStateCoordinator] daemon is running. Sleeping until state changes.
01:20:23.981 [INFO] [org.gradle.launcher.daemon.server.exec.StartBuildOrRespondWithBusy] Daemon is about to start building Build{id=4b1f8b7a-7f89-48a3-87d8-0d5925c1ef25, currentDir=D:\Isel\19-20\Verao\MPD\Rep Aulas\TPC}. Dispatching build started information...
01:20:23.981 [DEBUG] [org.gradle.launcher.daemon.server.SynchronizedDispatchConnection] thread 25: dispatching class org.gradle.launcher.daemon.protocol.BuildStarted
01:20:23.985 [DEBUG] [org.gradle.launcher.daemon.server.exec.EstablishBuildEnvironment] Configuring env variables: {ACTEL_FOR_ALTIUM_OVERRIDE= , USERDOMAIN_ROAMINGPROFILE=ISEL2, PROCESSOR_LEVEL=6, SESSIONNAME=Console, ALLUSERSPROFILE=C:\ProgramData, PROCESSOR_ARCHITECTURE=AMD64, PSModulePath=C:\Program Files\WindowsPowerShell\Modules;C:\WINDOWS\system32\WindowsPowerShell\v1.0\Modules;C:\Program Files (x86)\Microsoft SQL Server\120\Tools\PowerShell\Modules\;C:\Program Files (x86)\Microsoft SQL Server\110\Tools\PowerShell\Modules\;C:\Program Files (x86)\Microsoft SQL Server\140\Tools\PowerShell\Modules\, SystemDrive=C:, USERNAME=A38866, USERDNSDOMAIN=isel.priv, ProgramFiles(x86)=C:\Program Files (x86), FPS_BROWSER_USER_PROFILE_STRING=Default, PATHEXT=.COM;.EXE;.BAT;.CMD;.VBS;.VBE;.JS;.JSE;.WSF;.WSH;.MSC;.tcl, DriverData=C:\Windows\System32\Drivers\DriverData, SW_SIM_TEMP=C:\ProgramData\SOLIDWORKS\SW_net_sim_temp\, ProgramData=C:\ProgramData, ProgramW6432=C:\Program Files, HOMEPATH=\Users\A38866, PROCESSOR_IDENTIFIER=Intel64 Family 6 Model 60 Stepping 3, GenuineIntel, ProgramFiles=C:\Program Files, PUBLIC=C:\Users\Public, windir=C:\WINDOWS, FITTERDIR=C:\Wincupl\Wincupl\Fitters, =::=::\, OneDriveCommercial=C:\Users\A38866\OneDrive - Instituto Superior de Engenharia de Lisboa, LOCALAPPDATA=C:\Users\A38866\AppData\Local, MSMPI_BIN=C:\Program Files\Microsoft MPI\Bin\, USERDOMAIN=ISEL2, FPS_BROWSER_APP_PROFILE_STRING=Internet Explorer, LOGONSERVER=\\QUACK, JAVA_HOME=C:\Program Files\Java\jdk-11.0.6, ALTERA_FOR_ALTIUM_OVERRIDE= , GRADLE_HOME=D:\Downloads\gradle-5.0-all.zip, OneDrive=C:\Users\A38866\OneDrive - Instituto Superior de Engenharia de Lisboa, APPDATA=C:\Users\A38866\AppData\Roaming, VBOX_MSI_INSTALL_PATH=C:\Program Files\Oracle\VirtualBox\, CommonProgramFiles=C:\Program Files\Common Files, Path=C:\Tcl\bin;C:\Program Files (x86)\Common Files\Oracle\Java\javapath;C:\Program Files\Microsoft MPI\Bin\;C:\Program Files (x86)\Intel\iCLS Client\;C:\Program Files\Intel\iCLS Client\;C:\Program Files (x86)\NVIDIA Corporation\PhysX\Common;C:\WINDOWS\system32;C:\WINDOWS;C:\WINDOWS\System32\Wbem;C:\WINDOWS\System32\WindowsPowerShell\v1.0\;C:\Program Files\Microsoft SQL Server\Client SDK\ODBC\110\Tools\Binn\;C:\Program Files (x86)\Microsoft SQL Server\120\Tools\Binn\;C:\Program Files\Microsoft SQL Server\120\Tools\Binn\;C:\Program Files\Microsoft SQL Server\120\DTS\Binn\;C:\Program Files (x86)\Windows Kits\8.1\Windows Performance Toolkit\;C:\Program Files (x86)\Intel\Intel(R) Management Engine Components\DAL;C:\Program Files\Intel\Intel(R) Management Engine Components\DAL;C:\Program Files (x86)\Intel\Intel(R) Management Engine Components\IPT;C:\Program Files\Intel\Intel(R) Management Engine Components\IPT;C:\Program Files\Microsoft SQL Server\110\DTS\Binn\;C:\Program Files (x86)\Microsoft SQL Server\110\Tools\Binn\;C:\Program Files\Microsoft SQL Server\110\Tools\Binn\;C:\Program Files (x86)\Microsoft SQL Server\110\Tools\Binn\ManagementStudio\;C:\Program Files (x86)\Microsoft SQL Server\110\DTS\Binn\;C:\WINDOWS\System32\OpenSSH\;C:\Program Files (x86)\Microsoft SQL Server\140\Tools\Binn\;C:\Program Files\Microsoft SQL Server\140\Tools\Binn\;C:\Program Files (x86)\Microsoft SQL Server\140\DTS\Binn\;C:\Program Files\Microsoft SQL Server\140\DTS\Binn\;C:\Program Files\Microsoft SQL Server\Client SDK\ODBC\130\Tools\Binn\;C:\Android;C:\Windows\System32;C:\Program Files\dotnet\;C:\Program Files\Microsoft SQL Server\130\Tools\Binn\;C:\Program Files\NVIDIA Corporation\NVIDIA NvDLISR;C:\Gradle\gradle-5.0\bin;C:\Program Files\Git\cmd;C:\Program Files\Java\jdk1.8.0_181\bin;C:\Program Files (x86)\STMicroelectronics\STM32 ST-LINK Utility\ST-LINK Utility;C:\Program Files\doxygen\bin;C:\Program Files\Microsoft SQL Server\Client SDK\ODBC\170\Tools\Binn\;C:\Program Files (x86)\GitExtensions\;C:\Program Files\MATLAB\R2019b\bin;C:\Wincupl\WINCUPL\EXE;C:\Wincupl\WINCUPL\FITTERS;C:\Program Files\Java\jdk-11.0.6\bin;C:\Program Files (x86)\Microsoft Visual Studio\2019\Professional\Common7\Tools\Shortcut;C:\Program Files (x86)\FAHClient, ANDROID_SDK_HOME=C:\Android, OS=Windows_NT, COMPUTERNAME=QUACK, SW_SIM_HYDRA=C:\Program Files\Common Files\SolidWorks Shared\Simulation Worker Agent\, PROCESSOR_REVISION=3c03, CommonProgramW6432=C:\Program Files\Common Files, ComSpec=C:\WINDOWS\system32\cmd.exe, TEMP=C:\Users\A38866\AppData\Local\Temp, SystemRoot=C:\WINDOWS, HOMEDRIVE=C:, USERPROFILE=C:\Users\A38866, TMP=C:\Users\A38866\AppData\Local\Temp, CommonProgramFiles(x86)=C:\Program Files (x86)\Common Files, NUMBER_OF_PROCESSORS=8, SW_SIM_MPIT=INTELMPI, IDEA_INITIAL_DIRECTORY=C:\Program Files\JetBrains\IntelliJ IDEA 2019.3.3\bin}
01:20:24.006 [DEBUG] [org.gradle.launcher.daemon.server.exec.LogToClient] About to start relaying all logs to the client via the connection.
01:20:24.006 [INFO] [org.gradle.launcher.daemon.server.exec.LogToClient] The client will now receive all logging from the daemon (pid: 2320). The daemon log file: D:\Isel\19-20\Verao\MPD\Rep Aulas\TPCs\gradle\daemon\5.1\daemon-2320.out.log
01:20:24.010 [INFO] [org.gradle.launcher.daemon.server.exec.LogAndCheckHealth] Starting build in new daemon [memory: 536,9 MB]
01:20:24.025 [DEBUG] [org.gradle.launcher.daemon.server.exec.ExecuteBuild] The daemon has started executing the build.
01:20:24.025 [DEBUG] [org.gradle.launcher.daemon.server.exec.ExecuteBuild] Executing build with daemon context: DefaultDaemonContext[uid=e4977b7e-f693-4967-870c-2a0c5589887c,javaHome=C:\Program Files\Java\jdk-11.0.6,daemonRegistryDir=D:\Isel\19-20\Verao\MPD\Rep Aulas\TPCs\gradle\daemon,pid=2320,idleTimeout=10800000,priority=NORMAL,daemonOpts=-XX:MaxMetaspaceSize=256m,-XX:+HeapDumpOnOutOfMemoryError,-agentlib:jdwp=transport=dt_socket,server=n,suspend=y,address=127.0.0.1:65116,--add-opens,java.base/java.util=ALL-UNNAMED,--add-opens,java.base/java.lang=ALL-UNNAMED,--add-opens,java.base/java.lang.invoke=ALL-UNNAMED,--add-opens,java.prefs/java.util.prefs=ALL-UNNAMED,-Xmx512m,-Dfile.encoding=windows-1252,-Duser.country=PT,-Duser.language=pt,-Duser.variant]

<ijLog><event type='reportLocation' testReport='D:\Isel\19-20\Verao\MPD\Rep Aulas\TPC\aula09-json-and-restful\build\reports\tests\test\index.html' /></ijLog>

<ijLog><event type='beforeSuite'><ijLogEol/>
  <test id=':aula09-json-and-restful:test' parentId=''><ijLogEol/>
    <descriptor name='Gradle Test Run :aula09-json-and-restful:test' className='' /><ijLogEol/>
  </test><ijLogEol/>
</event></ijLog>

<ijLog><event type='beforeSuite'><ijLogEol/>
  <test id='1.1' parentId=':aula09-json-and-restful:test'><ijLogEol/>
    <descriptor name='Gradle Test Executor 1' className='' /><ijLogEol/>
  </test><ijLogEol/>
</event></ijLog>

<ijLog><event type='beforeSuite'><ijLogEol/>
  <test id='1.2' parentId='1.1'><ijLogEol/>
    <descriptor name='pt.isel.mpd.WeatherServiceTest' className='pt.isel.mpd.WeatherServiceTest' /><ijLogEol/>
  </test><ijLogEol/>
</event></ijLog>

<ijLog><event type='beforeTest'><ijLogEol/>
  <test id='1.3' parentId='1.2'><ijLogEol/>
    <descriptor name='testPastWeatherOfFaroCityMockRequest' className='pt.isel.mpd.WeatherServiceTest' /><ijLogEol/>
  </test><ijLogEol/>
</event></ijLog>
